16:46:38.038 [main] INFO  testCases.TC001_AccountRegistrationTest - Clicked on Register Link
16:46:38.038 [main] INFO  testCases.TC001_AccountRegistrationTest - Providing Customer details...
16:46:41.041 [main] INFO  testCases.TC001_AccountRegistrationTest - Validating expected message..
16:46:41.041 [main] INFO  testCases.TC001_AccountRegistrationTest - **** Finished TC001_AccountRegistrationTest ****
16:48:48.048 [main] INFO  org.testng.internal.Utils - [TestNG] Running:
  C:\Users\DELL\eclipse-workspace\HybridFrameworkProject\crossbrowsertesting.xml

16:48:55.055 [TestNG-tests-1] INFO  testCases.TC001_AccountRegistrationTest - ***** Starting TC001_AccountRegistrationTest ****
16:48:55.055 [TestNG-tests-2] INFO  testCases.TC001_AccountRegistrationTest - ***** Starting TC001_AccountRegistrationTest ****
16:48:55.055 [TestNG-tests-1] INFO  testCases.TC001_AccountRegistrationTest - Clicked on MyAccount Link
16:48:56.056 [TestNG-tests-2] INFO  testCases.TC001_AccountRegistrationTest - Clicked on MyAccount Link
16:48:58.058 [TestNG-tests-1] INFO  testCases.TC001_AccountRegistrationTest - Clicked on Register Link
16:48:58.058 [TestNG-tests-1] INFO  testCases.TC001_AccountRegistrationTest - Providing Customer details...
16:48:58.058 [TestNG-tests-2] INFO  testCases.TC001_AccountRegistrationTest - Clicked on Register Link
16:48:58.058 [TestNG-tests-2] INFO  testCases.TC001_AccountRegistrationTest - Providing Customer details...
16:49:01.001 [TestNG-tests-3] INFO  testCases.TC001_AccountRegistrationTest - ***** Starting TC001_AccountRegistrationTest ****
16:49:02.002 [TestNG-tests-3] INFO  testCases.TC001_AccountRegistrationTest - Clicked on MyAccount Link
16:49:03.003 [TestNG-tests-3] INFO  testCases.TC001_AccountRegistrationTest - Clicked on Register Link
16:49:03.003 [TestNG-tests-3] INFO  testCases.TC001_AccountRegistrationTest - Providing Customer details...
16:49:04.004 [TestNG-tests-2] INFO  testCases.TC001_AccountRegistrationTest - Validating expected message..
16:49:04.004 [TestNG-tests-1] INFO  testCases.TC001_AccountRegistrationTest - Validating expected message..
16:49:04.004 [TestNG-tests-1] INFO  testCases.TC001_AccountRegistrationTest - **** Finished TC001_AccountRegistrationTest ****
16:49:04.004 [TestNG-tests-2] INFO  testCases.TC001_AccountRegistrationTest - **** Finished TC001_AccountRegistrationTest ****
16:49:07.007 [TestNG-tests-3] INFO  testCases.TC001_AccountRegistrationTest - Validating expected message..
16:49:07.007 [TestNG-tests-3] INFO  testCases.TC001_AccountRegistrationTest - **** Finished TC001_AccountRegistrationTest ****
17:44:26.026 [main] INFO  org.testng.internal.Utils - [TestNG] Running:
  C:\Users\DELL\eclipse-workspace\HybridFrameworkProject\master.xml

17:44:34.034 [main] INFO  testCases.TC001_AccountRegistrationTest - ***** Starting TC001_AccountRegistrationTest ****
17:44:35.035 [main] INFO  testCases.TC001_AccountRegistrationTest - Clicked on MyAccount Link
17:44:36.036 [main] INFO  testCases.TC001_AccountRegistrationTest - Clicked on Register Link
17:44:36.036 [main] INFO  testCases.TC001_AccountRegistrationTest - Providing Customer details...
17:44:40.040 [main] INFO  testCases.TC001_AccountRegistrationTest - Validating expected message..
17:44:40.040 [main] INFO  testCases.TC001_AccountRegistrationTest - **** Finished TC001_AccountRegistrationTest ****
12:14:06.006 [main] INFO  org.testng.internal.Utils - [TestNG] Running:
  C:\Users\DELL\eclipse-workspace\HybridFrameworkProject\master.xml

12:14:21.021 [main] INFO  testCases.TC002_LoginTest - ***** startingbTc_002_LoginTest *****
12:14:23.023 [main] INFO  testCases.TC002_LoginTest - ****** Finished TC_002_LoginTest *******
21:37:07.007 [main] INFO  org.testng.internal.Utils - [TestNG] Running:
  C:\Users\DELL\eclipse-workspace\HybridFrameworkProject\master.xml

21:37:27.027 [main] INFO  testCases.TC003_LoginDDT - ****** Starting TC_003_LoginDDT ******
21:37:29.029 [main] INFO  testCases.TC003_LoginDDT - ****** Finished TC_003_LoginDDT ******
21:37:29.029 [main] INFO  testCases.TC003_LoginDDT - ****** Starting TC_003_LoginDDT ******
21:37:40.040 [main] INFO  testCases.TC003_LoginDDT - ****** Starting TC_003_LoginDDT ******
21:37:50.050 [main] INFO  testCases.TC003_LoginDDT - ****** Starting TC_003_LoginDDT ******
21:38:08.008 [main] INFO  testCases.TC003_LoginDDT - ****** Starting TC_003_LoginDDT ******
21:38:19.019 [main] INFO  testCases.TC003_LoginDDT - ****** Finished TC_003_LoginDDT ******
21:39:04.004 [main] INFO  org.testng.internal.Utils - [TestNG] Running:
  C:\Users\DELL\eclipse-workspace\HybridFrameworkProject\master.xml

21:39:11.011 [main] INFO  testCases.TC003_LoginDDT - ****** Starting TC_003_LoginDDT ******
21:39:12.012 [main] INFO  testCases.TC003_LoginDDT - ****** Finished TC_003_LoginDDT ******
21:39:12.012 [main] INFO  testCases.TC003_LoginDDT - ****** Starting TC_003_LoginDDT ******
21:39:23.023 [main] INFO  testCases.TC003_LoginDDT - ****** Starting TC_003_LoginDDT ******
